[2012-10-28 11:56:56.998] [DEBUG] ppt - { appName: 'ppt',
  port: '8080',
  basePath: 'D:\\node\\work\\server\\ppt\\',
  appPath: 'D:\\node\\work\\server\\ppt\\app\\',
  logLevel: 'DEBUG',
  logPath: 'D:\\node\\work\\server\\ppt\\logs\\',
  logOutPath: 'D:\\node\\work\\server\\ppt\\logs\\out\\',
  logErrPath: 'D:\\node\\work\\server\\ppt\\logs\\err\\',
  modelPath: 'D:\\node\\work\\server\\ppt\\app\\model\\',
  ctrlPath: 'D:\\node\\work\\server\\ppt\\app\\controller\\',
  viewPath: 'D:\\node\\work\\server\\ppt\\app\\view\\' }
[2012-10-28 11:56:57.001] [INFO] ppt - server is listening @ localhost:8080
[2012-10-28 12:00:32.168] [DEBUG] ppt - { appName: 'ppt',
  port: '8080',
  basePath: 'D:\\node\\work\\server\\ppt\\',
  appPath: 'D:\\node\\work\\server\\ppt\\app\\',
  logLevel: 'DEBUG',
  logPath: 'D:\\node\\work\\server\\ppt\\logs\\',
  logOutPath: 'D:\\node\\work\\server\\ppt\\logs\\out\\',
  logErrPath: 'D:\\node\\work\\server\\ppt\\logs\\err\\',
  modelPath: 'D:\\node\\work\\server\\ppt\\app\\model\\',
  ctrlPath: 'D:\\node\\work\\server\\ppt\\app\\controller\\',
  viewPath: 'D:\\node\\work\\server\\ppt\\app\\view\\' }
[2012-10-28 12:00:32.172] [INFO] ppt - server is listening @ localhost:8080
[2012-10-28 12:09:24.817] [DEBUG] ppt - { appName: 'ppt',
  port: '8080',
  basePath: 'D:\\node\\work\\server\\ppt\\',
  appPath: 'D:\\node\\work\\server\\ppt\\app\\',
  logLevel: 'DEBUG',
  logPath: 'D:\\node\\work\\server\\ppt\\logs\\',
  logOutPath: 'D:\\node\\work\\server\\ppt\\logs\\out\\',
  logErrPath: 'D:\\node\\work\\server\\ppt\\logs\\err\\',
  modelPath: 'D:\\node\\work\\server\\ppt\\app\\model\\',
  ctrlPath: 'D:\\node\\work\\server\\ppt\\app\\controller\\',
  viewPath: 'D:\\node\\work\\server\\ppt\\app\\view\\' }
[2012-10-28 12:09:24.821] [INFO] ppt - server is listening @ localhost:8080
[2012-10-28 12:24:48.229] [DEBUG] ppt - { appName: 'ppt',
  port: '8080',
  basePath: 'D:\\node\\work\\server\\ppt\\',
  appPath: 'D:\\node\\work\\server\\ppt\\app\\',
  logLevel: 'DEBUG',
  logPath: 'D:\\node\\work\\server\\ppt\\logs\\',
  logOutPath: 'D:\\node\\work\\server\\ppt\\logs\\out\\',
  logErrPath: 'D:\\node\\work\\server\\ppt\\logs\\err\\',
  modelPath: 'D:\\node\\work\\server\\ppt\\app\\model\\',
  ctrlPath: 'D:\\node\\work\\server\\ppt\\app\\controller\\',
  viewPath: 'D:\\node\\work\\server\\ppt\\app\\view\\' }
[2012-10-28 12:24:48.233] [INFO] ppt - server is listening @ localhost:8080
[2012-10-28 12:26:19.670] [DEBUG] ppt - { appName: 'ppt',
  port: '8080',
  basePath: 'D:\\node\\work\\server\\ppt\\',
  appPath: 'D:\\node\\work\\server\\ppt\\app\\',
  logLevel: 'DEBUG',
  logPath: 'D:\\node\\work\\server\\ppt\\logs\\',
  logOutPath: 'D:\\node\\work\\server\\ppt\\logs\\out\\',
  logErrPath: 'D:\\node\\work\\server\\ppt\\logs\\err\\',
  modelPath: 'D:\\node\\work\\server\\ppt\\app\\model\\',
  ctrlPath: 'D:\\node\\work\\server\\ppt\\app\\controller\\',
  viewPath: 'D:\\node\\work\\server\\ppt\\app\\view\\' }
[2012-10-28 12:26:19.688] [INFO] ppt - server is listening @ localhost:8080
[2012-10-28 12:27:33.284] [DEBUG] ppt - { appName: 'ppt',
  port: '8080',
  basePath: 'D:\\node\\work\\server\\ppt\\',
  appPath: 'D:\\node\\work\\server\\ppt\\app\\',
  logLevel: 'DEBUG',
  logPath: 'D:\\node\\work\\server\\ppt\\logs\\',
  logOutPath: 'D:\\node\\work\\server\\ppt\\logs\\out\\',
  logErrPath: 'D:\\node\\work\\server\\ppt\\logs\\err\\',
  modelPath: 'D:\\node\\work\\server\\ppt\\app\\model\\',
  ctrlPath: 'D:\\node\\work\\server\\ppt\\app\\controller\\',
  viewPath: 'D:\\node\\work\\server\\ppt\\app\\view\\' }
[2012-10-28 12:27:33.288] [INFO] ppt - server is listening @ localhost:8080
[2012-10-28 12:30:13.372] [DEBUG] ppt - { appName: 'ppt',
  port: '8080',
  basePath: 'D:\\node\\work\\server\\ppt\\',
  appPath: 'D:\\node\\work\\server\\ppt\\app\\',
  logLevel: 'DEBUG',
  logPath: 'D:\\node\\work\\server\\ppt\\logs\\',
  logOutPath: 'D:\\node\\work\\server\\ppt\\logs\\out\\',
  logErrPath: 'D:\\node\\work\\server\\ppt\\logs\\err\\',
  modelPath: 'D:\\node\\work\\server\\ppt\\app\\model\\',
  ctrlPath: 'D:\\node\\work\\server\\ppt\\app\\controller\\',
  viewPath: 'D:\\node\\work\\server\\ppt\\app\\view\\' }
[2012-10-28 12:30:13.383] [INFO] ppt - server is listening @ localhost:8080
[2012-10-28 12:32:07.856] [DEBUG] ppt - { appName: 'ppt',
  port: '8080',
  basePath: 'D:\\node\\work\\server\\ppt\\',
  appPath: 'D:\\node\\work\\server\\ppt\\app\\',
  logLevel: 'DEBUG',
  logPath: 'D:\\node\\work\\server\\ppt\\logs\\',
  logOutPath: 'D:\\node\\work\\server\\ppt\\logs\\out\\',
  logErrPath: 'D:\\node\\work\\server\\ppt\\logs\\err\\',
  modelPath: 'D:\\node\\work\\server\\ppt\\app\\model\\',
  ctrlPath: 'D:\\node\\work\\server\\ppt\\app\\controller\\',
  viewPath: 'D:\\node\\work\\server\\ppt\\app\\view\\' }
[2012-10-28 12:32:07.859] [INFO] ppt - server is listening @ localhost:8080
[2012-10-28 12:32:34.814] [DEBUG] ppt - { appName: 'ppt',
  port: '8080',
  basePath: 'D:\\node\\work\\server\\ppt\\',
  appPath: 'D:\\node\\work\\server\\ppt\\app\\',
  logLevel: 'DEBUG',
  logPath: 'D:\\node\\work\\server\\ppt\\logs\\',
  logOutPath: 'D:\\node\\work\\server\\ppt\\logs\\out\\',
  logErrPath: 'D:\\node\\work\\server\\ppt\\logs\\err\\',
  modelPath: 'D:\\node\\work\\server\\ppt\\app\\model\\',
  ctrlPath: 'D:\\node\\work\\server\\ppt\\app\\controller\\',
  viewPath: 'D:\\node\\work\\server\\ppt\\app\\view\\' }
[2012-10-28 12:32:34.817] [INFO] ppt - server is listening @ localhost:8080
[2012-10-28 12:32:52.295] [DEBUG] ppt - { appName: 'ppt',
  port: '8080',
  basePath: 'D:\\node\\work\\server\\ppt\\',
  appPath: 'D:\\node\\work\\server\\ppt\\app\\',
  logLevel: 'DEBUG',
  logPath: 'D:\\node\\work\\server\\ppt\\logs\\',
  logOutPath: 'D:\\node\\work\\server\\ppt\\logs\\out\\',
  logErrPath: 'D:\\node\\work\\server\\ppt\\logs\\err\\',
  modelPath: 'D:\\node\\work\\server\\ppt\\app\\model\\',
  ctrlPath: 'D:\\node\\work\\server\\ppt\\app\\controller\\',
  viewPath: 'D:\\node\\work\\server\\ppt\\app\\view\\' }
[2012-10-28 12:32:52.298] [INFO] ppt - server is listening @ localhost:8080
[2012-10-28 12:36:30.517] [DEBUG] ppt - { appName: 'ppt',
  port: '8080',
  basePath: 'D:\\node\\work\\server\\ppt\\',
  appPath: 'D:\\node\\work\\server\\ppt\\app\\',
  logLevel: 'DEBUG',
  logPath: 'D:\\node\\work\\server\\ppt\\logs\\',
  logOutPath: 'D:\\node\\work\\server\\ppt\\logs\\out\\',
  logErrPath: 'D:\\node\\work\\server\\ppt\\logs\\err\\',
  modelPath: 'D:\\node\\work\\server\\ppt\\app\\model\\',
  ctrlPath: 'D:\\node\\work\\server\\ppt\\app\\controller\\',
  viewPath: 'D:\\node\\work\\server\\ppt\\app\\view\\' }
[2012-10-28 12:36:30.520] [INFO] ppt - server is listening @ localhost:8080
[2012-10-28 12:40:46.861] [DEBUG] ppt - { appName: 'ppt',
  port: '8080',
  basePath: 'D:\\node\\work\\server\\ppt\\',
  appPath: 'D:\\node\\work\\server\\ppt\\app\\',
  logLevel: 'DEBUG',
  logPath: 'D:\\node\\work\\server\\ppt\\logs\\',
  logOutPath: 'D:\\node\\work\\server\\ppt\\logs\\out\\',
  logErrPath: 'D:\\node\\work\\server\\ppt\\logs\\err\\',
  modelPath: 'D:\\node\\work\\server\\ppt\\app\\model\\',
  ctrlPath: 'D:\\node\\work\\server\\ppt\\app\\controller\\',
  viewPath: 'D:\\node\\work\\server\\ppt\\app\\view\\' }
[2012-10-28 12:40:46.863] [INFO] ppt - server is listening @ localhost:8080
[2012-10-28 12:41:31.504] [DEBUG] ppt - { appName: 'ppt',
  port: '8080',
  basePath: 'D:\\node\\work\\server\\ppt\\',
  appPath: 'D:\\node\\work\\server\\ppt\\app\\',
  logLevel: 'DEBUG',
  logPath: 'D:\\node\\work\\server\\ppt\\logs\\',
  logOutPath: 'D:\\node\\work\\server\\ppt\\logs\\out\\',
  logErrPath: 'D:\\node\\work\\server\\ppt\\logs\\err\\',
  modelPath: 'D:\\node\\work\\server\\ppt\\app\\model\\',
  ctrlPath: 'D:\\node\\work\\server\\ppt\\app\\controller\\',
  viewPath: 'D:\\node\\work\\server\\ppt\\app\\view\\' }
[2012-10-28 12:41:31.506] [INFO] ppt - server is listening @ localhost:8080
[2012-10-28 12:43:17.159] [DEBUG] ppt - { appName: 'ppt',
  port: '8080',
  basePath: 'D:\\node\\work\\server\\ppt\\',
  appPath: 'D:\\node\\work\\server\\ppt\\app\\',
  logLevel: 'DEBUG',
  logPath: 'D:\\node\\work\\server\\ppt\\logs\\',
  logOutPath: 'D:\\node\\work\\server\\ppt\\logs\\out\\',
  logErrPath: 'D:\\node\\work\\server\\ppt\\logs\\err\\',
  modelPath: 'D:\\node\\work\\server\\ppt\\app\\model\\',
  ctrlPath: 'D:\\node\\work\\server\\ppt\\app\\controller\\',
  viewPath: 'D:\\node\\work\\server\\ppt\\app\\view\\' }
[2012-10-28 12:43:17.161] [INFO] ppt - server is listening @ localhost:8080
[2012-10-28 12:48:14.074] [DEBUG] ppt - { appName: 'ppt',
  port: '8080',
  basePath: 'D:\\node\\work\\server\\ppt\\',
  appPath: 'D:\\node\\work\\server\\ppt\\app\\',
  logLevel: 'DEBUG',
  logPath: 'D:\\node\\work\\server\\ppt\\logs\\',
  logOutPath: 'D:\\node\\work\\server\\ppt\\logs\\out\\',
  logErrPath: 'D:\\node\\work\\server\\ppt\\logs\\err\\',
  modelPath: 'D:\\node\\work\\server\\ppt\\app\\model\\',
  ctrlPath: 'D:\\node\\work\\server\\ppt\\app\\controller\\',
  viewPath: 'D:\\node\\work\\server\\ppt\\app\\view\\' }
[2012-10-28 12:48:14.077] [INFO] ppt - server is listening @ localhost:8080
[2012-10-28 12:48:30.534] [DEBUG] ppt - { appName: 'ppt',
  port: '8080',
  basePath: 'D:\\node\\work\\server\\ppt\\',
  appPath: 'D:\\node\\work\\server\\ppt\\app\\',
  logLevel: 'DEBUG',
  logPath: 'D:\\node\\work\\server\\ppt\\logs\\',
  logOutPath: 'D:\\node\\work\\server\\ppt\\logs\\out\\',
  logErrPath: 'D:\\node\\work\\server\\ppt\\logs\\err\\',
  modelPath: 'D:\\node\\work\\server\\ppt\\app\\model\\',
  ctrlPath: 'D:\\node\\work\\server\\ppt\\app\\controller\\',
  viewPath: 'D:\\node\\work\\server\\ppt\\app\\view\\' }
[2012-10-28 12:48:30.536] [INFO] ppt - server is listening @ localhost:8080
[2012-10-28 12:50:39.466] [DEBUG] ppt - { appName: 'ppt',
  port: '8080',
  basePath: 'D:\\node\\work\\server\\ppt\\',
  appPath: 'D:\\node\\work\\server\\ppt\\app\\',
  logLevel: 'DEBUG',
  logPath: 'D:\\node\\work\\server\\ppt\\logs\\',
  logOutPath: 'D:\\node\\work\\server\\ppt\\logs\\out\\',
  logErrPath: 'D:\\node\\work\\server\\ppt\\logs\\err\\',
  modelPath: 'D:\\node\\work\\server\\ppt\\app\\model\\',
  ctrlPath: 'D:\\node\\work\\server\\ppt\\app\\controller\\',
  viewPath: 'D:\\node\\work\\server\\ppt\\app\\view\\' }
[2012-10-28 12:50:39.468] [INFO] ppt - server is listening @ localhost:8080
[2012-10-28 12:55:23.208] [DEBUG] ppt - { appName: 'ppt',
  port: '8080',
  basePath: 'D:\\node\\work\\server\\ppt\\',
  appPath: 'D:\\node\\work\\server\\ppt\\app\\',
  logLevel: 'DEBUG',
  logPath: 'D:\\node\\work\\server\\ppt\\logs\\',
  logOutPath: 'D:\\node\\work\\server\\ppt\\logs\\out\\',
  logErrPath: 'D:\\node\\work\\server\\ppt\\logs\\err\\',
  modelPath: 'D:\\node\\work\\server\\ppt\\app\\model\\',
  ctrlPath: 'D:\\node\\work\\server\\ppt\\app\\controller\\',
  viewPath: 'D:\\node\\work\\server\\ppt\\app\\view\\' }
[2012-10-28 12:55:23.210] [INFO] ppt - server is listening @ localhost:8080
[2012-10-28 12:55:50.699] [DEBUG] ppt - { appName: 'ppt',
  port: '8080',
  basePath: 'D:\\node\\work\\server\\ppt\\',
  appPath: 'D:\\node\\work\\server\\ppt\\app\\',
  logLevel: 'DEBUG',
  logPath: 'D:\\node\\work\\server\\ppt\\logs\\',
  logOutPath: 'D:\\node\\work\\server\\ppt\\logs\\out\\',
  logErrPath: 'D:\\node\\work\\server\\ppt\\logs\\err\\',
  modelPath: 'D:\\node\\work\\server\\ppt\\app\\model\\',
  ctrlPath: 'D:\\node\\work\\server\\ppt\\app\\controller\\',
  viewPath: 'D:\\node\\work\\server\\ppt\\app\\view\\' }
[2012-10-28 12:55:50.702] [INFO] ppt - server is listening @ localhost:8080
[2012-10-28 12:58:58.593] [DEBUG] ppt - { appName: 'ppt',
  port: '8080',
  basePath: 'D:\\node\\work\\server\\ppt\\',
  appPath: 'D:\\node\\work\\server\\ppt\\app\\',
  logLevel: 'DEBUG',
  logPath: 'D:\\node\\work\\server\\ppt\\logs\\',
  logOutPath: 'D:\\node\\work\\server\\ppt\\logs\\out\\',
  logErrPath: 'D:\\node\\work\\server\\ppt\\logs\\err\\',
  modelPath: 'D:\\node\\work\\server\\ppt\\app\\model\\',
  ctrlPath: 'D:\\node\\work\\server\\ppt\\app\\controller\\',
  viewPath: 'D:\\node\\work\\server\\ppt\\app\\view\\' }
[2012-10-28 12:58:58.595] [INFO] ppt - server is listening @ localhost:8080
[2012-10-28 13:53:49.501] [DEBUG] ppt - { appName: 'ppt',
  port: '8080',
  basePath: 'D:\\node\\work\\server\\ppt\\',
  appPath: 'D:\\node\\work\\server\\ppt\\app\\',
  logLevel: 'DEBUG',
  logPath: 'D:\\node\\work\\server\\ppt\\logs\\',
  logOutPath: 'D:\\node\\work\\server\\ppt\\logs\\out\\',
  logErrPath: 'D:\\node\\work\\server\\ppt\\logs\\err\\',
  modelPath: 'D:\\node\\work\\server\\ppt\\app\\model\\',
  ctrlPath: 'D:\\node\\work\\server\\ppt\\app\\controller\\',
  viewPath: 'D:\\node\\work\\server\\ppt\\app\\view\\' }
[2012-10-28 13:53:49.503] [INFO] ppt - server is listening @ localhost:8080
[2012-10-28 14:43:24.340] [DEBUG] ppt - { appName: 'ppt',
  port: '8080',
  basePath: 'D:\\node\\work\\server\\ppt\\',
  appPath: 'D:\\node\\work\\server\\ppt\\app\\',
  logLevel: 'DEBUG',
  logPath: 'D:\\node\\work\\server\\ppt\\logs\\',
  logOutPath: 'D:\\node\\work\\server\\ppt\\logs\\out\\',
  logErrPath: 'D:\\node\\work\\server\\ppt\\logs\\err\\',
  modelPath: 'D:\\node\\work\\server\\ppt\\app\\model\\',
  ctrlPath: 'D:\\node\\work\\server\\ppt\\app\\controller\\',
  viewPath: 'D:\\node\\work\\server\\ppt\\app\\view\\' }
[2012-10-28 14:43:24.342] [INFO] ppt - server is listening @ localhost:8080
[2012-10-28 14:44:49.994] [DEBUG] ppt - { appName: 'ppt',
  port: '8080',
  basePath: 'D:\\node\\work\\server\\ppt\\',
  appPath: 'D:\\node\\work\\server\\ppt\\app\\',
  logLevel: 'DEBUG',
  logPath: 'D:\\node\\work\\server\\ppt\\logs\\',
  logOutPath: 'D:\\node\\work\\server\\ppt\\logs\\out\\',
  logErrPath: 'D:\\node\\work\\server\\ppt\\logs\\err\\',
  modelPath: 'D:\\node\\work\\server\\ppt\\app\\model\\',
  ctrlPath: 'D:\\node\\work\\server\\ppt\\app\\controller\\',
  viewPath: 'D:\\node\\work\\server\\ppt\\app\\view\\' }
[2012-10-28 14:44:49.996] [INFO] ppt - server is listening @ localhost:8080
[2012-10-28 14:55:26.114] [DEBUG] ppt - { appName: 'ppt',
  port: '8080',
  basePath: 'D:\\node\\work\\server\\ppt\\',
  appPath: 'D:\\node\\work\\server\\ppt\\app\\',
  logLevel: 'DEBUG',
  logPath: 'D:\\node\\work\\server\\ppt\\logs\\',
  logOutPath: 'D:\\node\\work\\server\\ppt\\logs\\out\\',
  logErrPath: 'D:\\node\\work\\server\\ppt\\logs\\err\\',
  modelPath: 'D:\\node\\work\\server\\ppt\\app\\model\\',
  ctrlPath: 'D:\\node\\work\\server\\ppt\\app\\controller\\',
  viewPath: 'D:\\node\\work\\server\\ppt\\app\\view\\' }
[2012-10-28 14:55:26.117] [INFO] ppt - server is listening @ localhost:8080
[2012-10-28 15:11:03.174] [DEBUG] ppt - { appName: 'ppt',
  port: '8080',
  basePath: 'D:\\node\\work\\server\\ppt\\',
  appPath: 'D:\\node\\work\\server\\ppt\\app\\',
  index: 'index',
  logLevel: 'DEBUG',
  logPath: 'D:\\node\\work\\server\\ppt\\logs\\',
  logOutPath: 'D:\\node\\work\\server\\ppt\\logs\\out\\',
  logErrPath: 'D:\\node\\work\\server\\ppt\\logs\\err\\',
  modelPath: 'D:\\node\\work\\server\\ppt\\app\\model\\',
  ctrlPath: 'D:\\node\\work\\server\\ppt\\app\\controller\\',
  viewPath: 'D:\\node\\work\\server\\ppt\\app\\view\\' }
[2012-10-28 15:11:03.176] [INFO] ppt - server is listening @ localhost:8080
[2012-10-28 15:12:18.244] [DEBUG] ppt - { appName: 'ppt',
  port: '8080',
  basePath: 'D:\\node\\work\\server\\ppt\\',
  appPath: 'D:\\node\\work\\server\\ppt\\app\\',
  index: 'index',
  logLevel: 'DEBUG',
  logPath: 'D:\\node\\work\\server\\ppt\\logs\\',
  logOutPath: 'D:\\node\\work\\server\\ppt\\logs\\out\\',
  logErrPath: 'D:\\node\\work\\server\\ppt\\logs\\err\\',
  modelPath: 'D:\\node\\work\\server\\ppt\\app\\model\\',
  ctrlPath: 'D:\\node\\work\\server\\ppt\\app\\controller\\',
  viewPath: 'D:\\node\\work\\server\\ppt\\app\\view\\' }
[2012-10-28 15:12:18.247] [INFO] ppt - server is listening @ localhost:8080
[2012-10-28 15:16:43.933] [DEBUG] ppt - { appName: 'ppt',
  port: '8080',
  basePath: 'D:\\node\\work\\server\\ppt\\',
  appPath: 'D:\\node\\work\\server\\ppt\\app\\',
  index: 'index',
  logLevel: 'DEBUG',
  logPath: 'D:\\node\\work\\server\\ppt\\logs\\',
  logOutPath: 'D:\\node\\work\\server\\ppt\\logs\\out\\',
  logErrPath: 'D:\\node\\work\\server\\ppt\\logs\\err\\',
  modelPath: 'D:\\node\\work\\server\\ppt\\app\\model\\',
  ctrlPath: 'D:\\node\\work\\server\\ppt\\app\\controller\\',
  viewPath: 'D:\\node\\work\\server\\ppt\\app\\view\\' }
[2012-10-28 15:16:43.935] [INFO] ppt - server is listening @ localhost:8080
[2012-10-28 15:20:15.831] [DEBUG] ppt - { appName: 'ppt',
  port: '8080',
  basePath: 'D:\\node\\work\\server\\ppt\\',
  appPath: 'D:\\node\\work\\server\\ppt\\app\\',
  index: 'index',
  logLevel: 'DEBUG',
  logPath: 'D:\\node\\work\\server\\ppt\\logs\\',
  logOutPath: 'D:\\node\\work\\server\\ppt\\logs\\out\\',
  logErrPath: 'D:\\node\\work\\server\\ppt\\logs\\err\\',
  modelPath: 'D:\\node\\work\\server\\ppt\\app\\model\\',
  ctrlPath: 'D:\\node\\work\\server\\ppt\\app\\controller\\',
  viewPath: 'D:\\node\\work\\server\\ppt\\app\\view\\' }
[2012-10-28 15:20:15.834] [INFO] ppt - server is listening @ localhost:8080
[2012-10-28 15:20:45.606] [DEBUG] ppt - { appName: 'ppt',
  port: '8080',
  basePath: 'D:\\node\\work\\server\\ppt\\',
  appPath: 'D:\\node\\work\\server\\ppt\\app\\',
  index: 'index',
  logLevel: 'DEBUG',
  logPath: 'D:\\node\\work\\server\\ppt\\logs\\',
  logOutPath: 'D:\\node\\work\\server\\ppt\\logs\\out\\',
  logErrPath: 'D:\\node\\work\\server\\ppt\\logs\\err\\',
  modelPath: 'D:\\node\\work\\server\\ppt\\app\\model\\',
  ctrlPath: 'D:\\node\\work\\server\\ppt\\app\\controller\\',
  viewPath: 'D:\\node\\work\\server\\ppt\\app\\view\\' }
[2012-10-28 15:20:45.610] [INFO] ppt - server is listening @ localhost:8080
[2012-10-28 15:37:44.371] [DEBUG] ppt - { appName: 'ppt',
  port: '8080',
  basePath: 'D:\\node\\work\\server\\ppt\\',
  appPath: 'D:\\node\\work\\server\\ppt\\app\\',
  index: 'index',
  logLevel: 'DEBUG',
  logPath: 'D:\\node\\work\\server\\ppt\\logs\\',
  logOutPath: 'D:\\node\\work\\server\\ppt\\logs\\out\\',
  logErrPath: 'D:\\node\\work\\server\\ppt\\logs\\err\\',
  modelPath: 'D:\\node\\work\\server\\ppt\\app\\model\\',
  ctrlPath: 'D:\\node\\work\\server\\ppt\\app\\controller\\',
  viewPath: 'D:\\node\\work\\server\\ppt\\app\\view\\' }
[2012-10-28 15:37:44.374] [INFO] ppt - server is listening @ localhost:8080
[2012-10-28 18:09:32.352] [DEBUG] ppt - { appName: 'ppt',
  port: '8080',
  basePath: 'D:\\node\\work\\server\\ppt\\',
  appPath: 'D:\\node\\work\\server\\ppt\\app\\',
  index: 'index',
  logLevel: 'DEBUG',
  logPath: 'D:\\node\\work\\server\\ppt\\logs\\',
  logOutPath: 'D:\\node\\work\\server\\ppt\\logs\\out\\',
  logErrPath: 'D:\\node\\work\\server\\ppt\\logs\\err\\',
  modelPath: 'D:\\node\\work\\server\\ppt\\app\\model\\',
  ctrlPath: 'D:\\node\\work\\server\\ppt\\app\\controller\\',
  viewPath: 'D:\\node\\work\\server\\ppt\\app\\view\\' }
[2012-10-28 18:09:32.355] [INFO] ppt - server is listening @ localhost:8080
[2012-10-28 18:10:43.567] [DEBUG] ppt - { appName: 'ppt',
  port: '8080',
  basePath: 'D:\\node\\work\\server\\ppt\\',
  appPath: 'D:\\node\\work\\server\\ppt\\app\\',
  index: 'index',
  logLevel: 'DEBUG',
  logPath: 'D:\\node\\work\\server\\ppt\\logs\\',
  logOutPath: 'D:\\node\\work\\server\\ppt\\logs\\out\\',
  logErrPath: 'D:\\node\\work\\server\\ppt\\logs\\err\\',
  modelPath: 'D:\\node\\work\\server\\ppt\\app\\model\\',
  ctrlPath: 'D:\\node\\work\\server\\ppt\\app\\controller\\',
  viewPath: 'D:\\node\\work\\server\\ppt\\app\\view\\' }
[2012-10-28 18:10:43.569] [INFO] ppt - server is listening @ localhost:8080
[2012-10-28 18:16:28.336] [DEBUG] ppt - { appName: 'ppt',
  port: '8080',
  basePath: 'D:\\node\\work\\server\\ppt\\',
  appPath: 'D:\\node\\work\\server\\ppt\\app\\',
  index: 'index',
  logLevel: 'DEBUG',
  logPath: 'D:\\node\\work\\server\\ppt\\logs\\',
  logOutPath: 'D:\\node\\work\\server\\ppt\\logs\\out\\',
  logErrPath: 'D:\\node\\work\\server\\ppt\\logs\\err\\',
  modelPath: 'D:\\node\\work\\server\\ppt\\app\\model\\',
  ctrlPath: 'D:\\node\\work\\server\\ppt\\app\\controller\\',
  viewPath: 'D:\\node\\work\\server\\ppt\\app\\view\\' }
[2012-10-28 18:16:28.339] [INFO] ppt - server is listening @ localhost:8080
[2012-10-28 18:18:12.791] [DEBUG] ppt - { appName: 'ppt',
  port: '8080',
  basePath: 'D:\\node\\work\\server\\ppt\\',
  appPath: 'D:\\node\\work\\server\\ppt\\app\\',
  index: 'index',
  logLevel: 'DEBUG',
  logPath: 'D:\\node\\work\\server\\ppt\\logs\\',
  logOutPath: 'D:\\node\\work\\server\\ppt\\logs\\out\\',
  logErrPath: 'D:\\node\\work\\server\\ppt\\logs\\err\\',
  modelPath: 'D:\\node\\work\\server\\ppt\\app\\model\\',
  ctrlPath: 'D:\\node\\work\\server\\ppt\\app\\controller\\',
  viewPath: 'D:\\node\\work\\server\\ppt\\app\\view\\' }
[2012-10-28 18:18:12.794] [INFO] ppt - server is listening @ localhost:8080
[2012-10-28 18:19:20.021] [DEBUG] ppt - { appName: 'ppt',
  port: '8080',
  basePath: 'D:\\node\\work\\server\\ppt\\',
  appPath: 'D:\\node\\work\\server\\ppt\\app\\',
  index: 'index',
  logLevel: 'DEBUG',
  logPath: 'D:\\node\\work\\server\\ppt\\logs\\',
  logOutPath: 'D:\\node\\work\\server\\ppt\\logs\\out\\',
  logErrPath: 'D:\\node\\work\\server\\ppt\\logs\\err\\',
  modelPath: 'D:\\node\\work\\server\\ppt\\app\\model\\',
  ctrlPath: 'D:\\node\\work\\server\\ppt\\app\\controller\\',
  viewPath: 'D:\\node\\work\\server\\ppt\\app\\view\\' }
[2012-10-28 18:19:20.024] [INFO] ppt - server is listening @ localhost:8080
[2012-10-28 18:20:01.321] [DEBUG] ppt - { appName: 'ppt',
  port: '8080',
  basePath: 'D:\\node\\work\\server\\ppt\\',
  appPath: 'D:\\node\\work\\server\\ppt\\app\\',
  index: 'index',
  logLevel: 'DEBUG',
  logPath: 'D:\\node\\work\\server\\ppt\\logs\\',
  logOutPath: 'D:\\node\\work\\server\\ppt\\logs\\out\\',
  logErrPath: 'D:\\node\\work\\server\\ppt\\logs\\err\\',
  modelPath: 'D:\\node\\work\\server\\ppt\\app\\model\\',
  ctrlPath: 'D:\\node\\work\\server\\ppt\\app\\controller\\',
  viewPath: 'D:\\node\\work\\server\\ppt\\app\\view\\' }
[2012-10-28 18:20:01.324] [INFO] ppt - server is listening @ localhost:8080
[2012-10-28 18:21:34.531] [DEBUG] ppt - { appName: 'ppt',
  port: '8080',
  basePath: 'D:\\node\\work\\server\\ppt\\',
  appPath: 'D:\\node\\work\\server\\ppt\\app\\',
  index: 'index',
  logLevel: 'DEBUG',
  logPath: 'D:\\node\\work\\server\\ppt\\logs\\',
  logOutPath: 'D:\\node\\work\\server\\ppt\\logs\\out\\',
  logErrPath: 'D:\\node\\work\\server\\ppt\\logs\\err\\',
  modelPath: 'D:\\node\\work\\server\\ppt\\app\\model\\',
  ctrlPath: 'D:\\node\\work\\server\\ppt\\app\\controller\\',
  viewPath: 'D:\\node\\work\\server\\ppt\\app\\view\\' }
[2012-10-28 18:21:34.534] [INFO] ppt - server is listening @ localhost:8080
[2012-10-28 18:21:52.828] [DEBUG] ppt - { appName: 'ppt',
  port: '8080',
  basePath: 'D:\\node\\work\\server\\ppt\\',
  appPath: 'D:\\node\\work\\server\\ppt\\app\\',
  index: 'index',
  logLevel: 'DEBUG',
  logPath: 'D:\\node\\work\\server\\ppt\\logs\\',
  logOutPath: 'D:\\node\\work\\server\\ppt\\logs\\out\\',
  logErrPath: 'D:\\node\\work\\server\\ppt\\logs\\err\\',
  modelPath: 'D:\\node\\work\\server\\ppt\\app\\model\\',
  ctrlPath: 'D:\\node\\work\\server\\ppt\\app\\controller\\',
  viewPath: 'D:\\node\\work\\server\\ppt\\app\\view\\' }
[2012-10-28 18:21:52.830] [INFO] ppt - server is listening @ localhost:8080
[2012-10-28 18:23:51.401] [DEBUG] ppt - { appName: 'ppt',
  port: '8080',
  basePath: 'D:\\node\\work\\server\\ppt\\',
  appPath: 'D:\\node\\work\\server\\ppt\\app\\',
  index: 'index',
  logLevel: 'DEBUG',
  logPath: 'D:\\node\\work\\server\\ppt\\logs\\',
  logOutPath: 'D:\\node\\work\\server\\ppt\\logs\\out\\',
  logErrPath: 'D:\\node\\work\\server\\ppt\\logs\\err\\',
  modelPath: 'D:\\node\\work\\server\\ppt\\app\\model\\',
  ctrlPath: 'D:\\node\\work\\server\\ppt\\app\\controller\\',
  viewPath: 'D:\\node\\work\\server\\ppt\\app\\view\\' }
[2012-10-28 18:23:51.408] [INFO] ppt - server is listening @ localhost:8080
[2012-10-28 18:24:59.028] [DEBUG] ppt - { appName: 'ppt',
  port: '8080',
  basePath: 'D:\\node\\work\\server\\ppt\\',
  appPath: 'D:\\node\\work\\server\\ppt\\app\\',
  index: 'index',
  logLevel: 'DEBUG',
  logPath: 'D:\\node\\work\\server\\ppt\\logs\\',
  logOutPath: 'D:\\node\\work\\server\\ppt\\logs\\out\\',
  logErrPath: 'D:\\node\\work\\server\\ppt\\logs\\err\\',
  modelPath: 'D:\\node\\work\\server\\ppt\\app\\model\\',
  ctrlPath: 'D:\\node\\work\\server\\ppt\\app\\controller\\',
  viewPath: 'D:\\node\\work\\server\\ppt\\app\\view\\' }
[2012-10-28 18:24:59.031] [INFO] ppt - server is listening @ localhost:8080
[2012-10-28 18:26:39.249] [DEBUG] ppt - { appName: 'ppt',
  port: '8080',
  basePath: 'D:\\node\\work\\server\\ppt\\',
  appPath: 'D:\\node\\work\\server\\ppt\\app\\',
  index: 'index',
  logLevel: 'DEBUG',
  logPath: 'D:\\node\\work\\server\\ppt\\logs\\',
  logOutPath: 'D:\\node\\work\\server\\ppt\\logs\\out\\',
  logErrPath: 'D:\\node\\work\\server\\ppt\\logs\\err\\',
  modelPath: 'D:\\node\\work\\server\\ppt\\app\\model\\',
  ctrlPath: 'D:\\node\\work\\server\\ppt\\app\\controller\\',
  viewPath: 'D:\\node\\work\\server\\ppt\\app\\view\\' }
[2012-10-28 18:26:39.251] [INFO] ppt - server is listening @ localhost:8080
[2012-10-28 18:27:35.668] [DEBUG] ppt - { appName: 'ppt',
  port: '8080',
  basePath: 'D:\\node\\work\\server\\ppt\\',
  appPath: 'D:\\node\\work\\server\\ppt\\app\\',
  index: 'index',
  logLevel: 'DEBUG',
  logPath: 'D:\\node\\work\\server\\ppt\\logs\\',
  logOutPath: 'D:\\node\\work\\server\\ppt\\logs\\out\\',
  logErrPath: 'D:\\node\\work\\server\\ppt\\logs\\err\\',
  modelPath: 'D:\\node\\work\\server\\ppt\\app\\model\\',
  ctrlPath: 'D:\\node\\work\\server\\ppt\\app\\controller\\',
  viewPath: 'D:\\node\\work\\server\\ppt\\app\\view\\' }
[2012-10-28 18:27:35.670] [INFO] ppt - server is listening @ localhost:8080
[2012-10-28 18:28:32.415] [DEBUG] ppt - { appName: 'ppt',
  port: '8080',
  basePath: 'D:\\node\\work\\server\\ppt\\',
  appPath: 'D:\\node\\work\\server\\ppt\\app\\',
  index: 'index',
  logLevel: 'DEBUG',
  logPath: 'D:\\node\\work\\server\\ppt\\logs\\',
  logOutPath: 'D:\\node\\work\\server\\ppt\\logs\\out\\',
  logErrPath: 'D:\\node\\work\\server\\ppt\\logs\\err\\',
  modelPath: 'D:\\node\\work\\server\\ppt\\app\\model\\',
  ctrlPath: 'D:\\node\\work\\server\\ppt\\app\\controller\\',
  viewPath: 'D:\\node\\work\\server\\ppt\\app\\view\\' }
[2012-10-28 18:28:32.418] [INFO] ppt - server is listening @ localhost:8080
[2012-10-28 18:28:59.116] [DEBUG] ppt - { appName: 'ppt',
  port: '8080',
  basePath: 'D:\\node\\work\\server\\ppt\\',
  appPath: 'D:\\node\\work\\server\\ppt\\app\\',
  index: 'index',
  logLevel: 'DEBUG',
  logPath: 'D:\\node\\work\\server\\ppt\\logs\\',
  logOutPath: 'D:\\node\\work\\server\\ppt\\logs\\out\\',
  logErrPath: 'D:\\node\\work\\server\\ppt\\logs\\err\\',
  modelPath: 'D:\\node\\work\\server\\ppt\\app\\model\\',
  ctrlPath: 'D:\\node\\work\\server\\ppt\\app\\controller\\',
  viewPath: 'D:\\node\\work\\server\\ppt\\app\\view\\' }
[2012-10-28 18:28:59.119] [INFO] ppt - server is listening @ localhost:8080
[2012-10-28 18:34:13.348] [DEBUG] ppt - { appName: 'ppt',
  port: '8080',
  basePath: 'D:\\node\\work\\server\\ppt\\',
  appPath: 'D:\\node\\work\\server\\ppt\\app\\',
  index: 'index',
  logLevel: 'DEBUG',
  logPath: 'D:\\node\\work\\server\\ppt\\logs\\',
  logOutPath: 'D:\\node\\work\\server\\ppt\\logs\\out\\',
  logErrPath: 'D:\\node\\work\\server\\ppt\\logs\\err\\',
  modelPath: 'D:\\node\\work\\server\\ppt\\app\\model\\',
  ctrlPath: 'D:\\node\\work\\server\\ppt\\app\\controller\\',
  viewPath: 'D:\\node\\work\\server\\ppt\\app\\view\\' }
[2012-10-28 18:34:13.351] [INFO] ppt - server is listening @ localhost:8080
[2012-10-28 20:59:50.412] [DEBUG] ppt - { appName: 'ppt',
  port: '8080',
  basePath: 'D:\\node\\work\\server\\ppt\\',
  appPath: 'D:\\node\\work\\server\\ppt\\app\\',
  index: 'index',
  logLevel: 'DEBUG',
  logPath: 'D:\\node\\work\\server\\ppt\\logs\\',
  logOutPath: 'D:\\node\\work\\server\\ppt\\logs\\out\\',
  logErrPath: 'D:\\node\\work\\server\\ppt\\logs\\err\\',
  modelPath: 'D:\\node\\work\\server\\ppt\\app\\model\\',
  ctrlPath: 'D:\\node\\work\\server\\ppt\\app\\controller\\',
  viewPath: 'D:\\node\\work\\server\\ppt\\app\\view\\' }
[2012-10-28 20:59:50.418] [INFO] ppt - server is listening @ localhost:8080
[2012-10-28 21:00:38.993] [DEBUG] ppt - { appName: 'ppt',
  port: '8080',
  basePath: 'D:\\node\\work\\server\\ppt\\',
  appPath: 'D:\\node\\work\\server\\ppt\\app\\',
  index: 'index',
  logLevel: 'DEBUG',
  logPath: 'D:\\node\\work\\server\\ppt\\logs\\',
  logOutPath: 'D:\\node\\work\\server\\ppt\\logs\\out\\',
  logErrPath: 'D:\\node\\work\\server\\ppt\\logs\\err\\',
  modelPath: 'D:\\node\\work\\server\\ppt\\app\\model\\',
  ctrlPath: 'D:\\node\\work\\server\\ppt\\app\\controller\\',
  viewPath: 'D:\\node\\work\\server\\ppt\\app\\view\\' }
[2012-10-28 21:00:38.996] [INFO] ppt - server is listening @ localhost:8080
[2012-10-28 21:04:50.368] [DEBUG] ppt - { appName: 'ppt',
  port: '8080',
  basePath: 'D:\\node\\work\\server\\ppt\\',
  appPath: 'D:\\node\\work\\server\\ppt\\app\\',
  index: 'index',
  logLevel: 'DEBUG',
  logPath: 'D:\\node\\work\\server\\ppt\\logs\\',
  logOutPath: 'D:\\node\\work\\server\\ppt\\logs\\out\\',
  logErrPath: 'D:\\node\\work\\server\\ppt\\logs\\err\\',
  modelPath: 'D:\\node\\work\\server\\ppt\\app\\model\\',
  ctrlPath: 'D:\\node\\work\\server\\ppt\\app\\controller\\',
  viewPath: 'D:\\node\\work\\server\\ppt\\app\\view\\' }
[2012-10-28 21:04:50.371] [INFO] ppt - server is listening @ localhost:8080
[2012-10-28 21:07:58.113] [DEBUG] ppt - { appName: 'ppt',
  port: '8080',
  basePath: 'D:\\node\\work\\server\\ppt\\',
  appPath: 'D:\\node\\work\\server\\ppt\\app\\',
  index: 'index',
  logLevel: 'DEBUG',
  logPath: 'D:\\node\\work\\server\\ppt\\logs\\',
  logOutPath: 'D:\\node\\work\\server\\ppt\\logs\\out\\',
  logErrPath: 'D:\\node\\work\\server\\ppt\\logs\\err\\',
  modelPath: 'D:\\node\\work\\server\\ppt\\app\\model\\',
  ctrlPath: 'D:\\node\\work\\server\\ppt\\app\\controller\\',
  viewPath: 'D:\\node\\work\\server\\ppt\\app\\view\\' }
[2012-10-28 21:07:58.115] [INFO] ppt - server is listening @ localhost:8080
[2012-10-28 21:08:21.320] [DEBUG] ppt - { appName: 'ppt',
  port: '8080',
  basePath: 'D:\\node\\work\\server\\ppt\\',
  appPath: 'D:\\node\\work\\server\\ppt\\app\\',
  index: 'index',
  logLevel: 'DEBUG',
  logPath: 'D:\\node\\work\\server\\ppt\\logs\\',
  logOutPath: 'D:\\node\\work\\server\\ppt\\logs\\out\\',
  logErrPath: 'D:\\node\\work\\server\\ppt\\logs\\err\\',
  modelPath: 'D:\\node\\work\\server\\ppt\\app\\model\\',
  ctrlPath: 'D:\\node\\work\\server\\ppt\\app\\controller\\',
  viewPath: 'D:\\node\\work\\server\\ppt\\app\\view\\' }
[2012-10-28 21:08:21.323] [INFO] ppt - server is listening @ localhost:8080
[2012-10-28 21:08:57.609] [DEBUG] ppt - { appName: 'ppt',
  port: '8080',
  basePath: 'D:\\node\\work\\server\\ppt\\',
  appPath: 'D:\\node\\work\\server\\ppt\\app\\',
  index: 'index',
  logLevel: 'DEBUG',
  logPath: 'D:\\node\\work\\server\\ppt\\logs\\',
  logOutPath: 'D:\\node\\work\\server\\ppt\\logs\\out\\',
  logErrPath: 'D:\\node\\work\\server\\ppt\\logs\\err\\',
  modelPath: 'D:\\node\\work\\server\\ppt\\app\\model\\',
  ctrlPath: 'D:\\node\\work\\server\\ppt\\app\\controller\\',
  viewPath: 'D:\\node\\work\\server\\ppt\\app\\view\\' }
[2012-10-28 21:08:57.612] [INFO] ppt - server is listening @ localhost:8080
[2012-10-28 21:09:32.330] [DEBUG] ppt - { appName: 'ppt',
  port: '8080',
  basePath: 'D:\\node\\work\\server\\ppt\\',
  appPath: 'D:\\node\\work\\server\\ppt\\app\\',
  index: 'index',
  logLevel: 'DEBUG',
  logPath: 'D:\\node\\work\\server\\ppt\\logs\\',
  logOutPath: 'D:\\node\\work\\server\\ppt\\logs\\out\\',
  logErrPath: 'D:\\node\\work\\server\\ppt\\logs\\err\\',
  modelPath: 'D:\\node\\work\\server\\ppt\\app\\model\\',
  ctrlPath: 'D:\\node\\work\\server\\ppt\\app\\controller\\',
  viewPath: 'D:\\node\\work\\server\\ppt\\app\\view\\' }
[2012-10-28 21:09:32.332] [INFO] ppt - server is listening @ localhost:8080
[2012-10-28 21:11:51.698] [DEBUG] ppt - { appName: 'ppt',
  port: '8080',
  basePath: 'D:\\node\\work\\server\\ppt\\',
  appPath: 'D:\\node\\work\\server\\ppt\\app\\',
  index: 'index',
  logLevel: 'DEBUG',
  logPath: 'D:\\node\\work\\server\\ppt\\logs\\',
  logOutPath: 'D:\\node\\work\\server\\ppt\\logs\\out\\',
  logErrPath: 'D:\\node\\work\\server\\ppt\\logs\\err\\',
  modelPath: 'D:\\node\\work\\server\\ppt\\app\\model\\',
  ctrlPath: 'D:\\node\\work\\server\\ppt\\app\\controller\\',
  viewPath: 'D:\\node\\work\\server\\ppt\\app\\view\\' }
[2012-10-28 21:11:51.703] [INFO] ppt - server is listening @ localhost:8080
[2012-10-28 21:14:21.290] [DEBUG] ppt - { appName: 'ppt',
  port: '8080',
  basePath: 'D:\\node\\work\\server\\ppt\\',
  appPath: 'D:\\node\\work\\server\\ppt\\app\\',
  index: 'index',
  logLevel: 'DEBUG',
  logPath: 'D:\\node\\work\\server\\ppt\\logs\\',
  logOutPath: 'D:\\node\\work\\server\\ppt\\logs\\out\\',
  logErrPath: 'D:\\node\\work\\server\\ppt\\logs\\err\\',
  modelPath: 'D:\\node\\work\\server\\ppt\\app\\model\\',
  ctrlPath: 'D:\\node\\work\\server\\ppt\\app\\controller\\',
  viewPath: 'D:\\node\\work\\server\\ppt\\app\\view\\' }
[2012-10-28 21:14:21.294] [INFO] ppt - server is listening @ localhost:8080
[2012-10-28 21:24:13.884] [DEBUG] ppt - { appName: 'ppt',
  port: '8080',
  basePath: 'D:\\node\\work\\server\\ppt\\',
  appPath: 'D:\\node\\work\\server\\ppt\\app\\',
  index: 'index',
  logLevel: 'DEBUG',
  logPath: 'D:\\node\\work\\server\\ppt\\logs\\',
  logOutPath: 'D:\\node\\work\\server\\ppt\\logs\\out\\',
  logErrPath: 'D:\\node\\work\\server\\ppt\\logs\\err\\',
  modelPath: 'D:\\node\\work\\server\\ppt\\app\\model\\',
  ctrlPath: 'D:\\node\\work\\server\\ppt\\app\\controller\\',
  viewPath: 'D:\\node\\work\\server\\ppt\\app\\view\\' }
[2012-10-28 21:24:13.887] [INFO] ppt - server is listening @ localhost:8080
[2012-10-28 21:32:02.030] [DEBUG] ppt - { appName: 'ppt',
  port: '8080',
  basePath: 'D:\\node\\work\\server\\ppt\\',
  appPath: 'D:\\node\\work\\server\\ppt\\app\\',
  index: 'index',
  logLevel: 'DEBUG',
  logPath: 'D:\\node\\work\\server\\ppt\\logs\\',
  logOutPath: 'D:\\node\\work\\server\\ppt\\logs\\out\\',
  logErrPath: 'D:\\node\\work\\server\\ppt\\logs\\err\\',
  modelPath: 'D:\\node\\work\\server\\ppt\\app\\model\\',
  ctrlPath: 'D:\\node\\work\\server\\ppt\\app\\controller\\',
  viewPath: 'D:\\node\\work\\server\\ppt\\app\\view\\' }
[2012-10-28 21:32:02.032] [INFO] ppt - server is listening @ localhost:8080
[2012-10-28 21:32:54.203] [DEBUG] ppt - { appName: 'ppt',
  port: '8080',
  basePath: 'D:\\node\\work\\server\\ppt\\',
  appPath: 'D:\\node\\work\\server\\ppt\\app\\',
  index: 'index',
  logLevel: 'DEBUG',
  logPath: 'D:\\node\\work\\server\\ppt\\logs\\',
  logOutPath: 'D:\\node\\work\\server\\ppt\\logs\\out\\',
  logErrPath: 'D:\\node\\work\\server\\ppt\\logs\\err\\',
  modelPath: 'D:\\node\\work\\server\\ppt\\app\\model\\',
  ctrlPath: 'D:\\node\\work\\server\\ppt\\app\\controller\\',
  viewPath: 'D:\\node\\work\\server\\ppt\\app\\view\\' }
[2012-10-28 21:32:54.208] [INFO] ppt - server is listening @ localhost:8080
[2012-10-28 21:33:56.846] [DEBUG] ppt - { appName: 'ppt',
  port: '8080',
  basePath: 'D:\\node\\work\\server\\ppt\\',
  appPath: 'D:\\node\\work\\server\\ppt\\app\\',
  index: 'index',
  logLevel: 'DEBUG',
  logPath: 'D:\\node\\work\\server\\ppt\\logs\\',
  logOutPath: 'D:\\node\\work\\server\\ppt\\logs\\out\\',
  logErrPath: 'D:\\node\\work\\server\\ppt\\logs\\err\\',
  modelPath: 'D:\\node\\work\\server\\ppt\\app\\model\\',
  ctrlPath: 'D:\\node\\work\\server\\ppt\\app\\controller\\',
  viewPath: 'D:\\node\\work\\server\\ppt\\app\\view\\' }
[2012-10-28 21:33:56.860] [INFO] ppt - server is listening @ localhost:8080
[2012-10-28 21:35:04.294] [DEBUG] ppt - { appName: 'ppt',
  port: '8080',
  basePath: 'D:\\node\\work\\server\\ppt\\',
  appPath: 'D:\\node\\work\\server\\ppt\\app\\',
  index: 'index',
  logLevel: 'DEBUG',
  logPath: 'D:\\node\\work\\server\\ppt\\logs\\',
  logOutPath: 'D:\\node\\work\\server\\ppt\\logs\\out\\',
  logErrPath: 'D:\\node\\work\\server\\ppt\\logs\\err\\',
  modelPath: 'D:\\node\\work\\server\\ppt\\app\\model\\',
  ctrlPath: 'D:\\node\\work\\server\\ppt\\app\\controller\\',
  viewPath: 'D:\\node\\work\\server\\ppt\\app\\view\\' }
[2012-10-28 21:35:04.296] [INFO] ppt - server is listening @ localhost:8080
