[2012-10-27 23:11:25.631] [DEBUG] ppt - { appName: 'ppt',
  port: '8080',
  basePath: 'D:\\node\\work\\server\\ppt\\',
  appPath: 'D:\\node\\work\\server\\ppt\\app\\',
  logLevel: 'DEBUG',
  logPath: 'D:\\node\\work\\server\\ppt\\logs\\',
  logOutPath: 'D:\\node\\work\\server\\ppt\\logs\\out\\',
  logErrPath: 'D:\\node\\work\\server\\ppt\\logs\\err\\',
  modelPath: 'D:\\node\\work\\server\\ppt\\app\\model\\',
  ctrlPath: 'D:\\node\\work\\server\\ppt\\app\\controller\\',
  viewPath: 'D:\\node\\work\\server\\ppt\\app\\view\\' }
[2012-10-27 23:11:25.634] [INFO] ppt - server is listening @ localhost:8080
[2012-10-27 23:14:02.562] [DEBUG] ppt - { appName: 'ppt',
  port: '8080',
  basePath: 'D:\\node\\work\\server\\ppt\\',
  appPath: 'D:\\node\\work\\server\\ppt\\app\\',
  logLevel: 'DEBUG',
  logPath: 'D:\\node\\work\\server\\ppt\\logs\\',
  logOutPath: 'D:\\node\\work\\server\\ppt\\logs\\out\\',
  logErrPath: 'D:\\node\\work\\server\\ppt\\logs\\err\\',
  modelPath: 'D:\\node\\work\\server\\ppt\\app\\model\\',
  ctrlPath: 'D:\\node\\work\\server\\ppt\\app\\controller\\',
  viewPath: 'D:\\node\\work\\server\\ppt\\app\\view\\' }
[2012-10-27 23:14:02.572] [INFO] ppt - server is listening @ localhost:8080
[2012-10-27 23:15:19.458] [DEBUG] ppt - { appName: 'ppt',
  port: '8080',
  basePath: 'D:\\node\\work\\server\\ppt\\',
  appPath: 'D:\\node\\work\\server\\ppt\\app\\',
  logLevel: 'DEBUG',
  logPath: 'D:\\node\\work\\server\\ppt\\logs\\',
  logOutPath: 'D:\\node\\work\\server\\ppt\\logs\\out\\',
  logErrPath: 'D:\\node\\work\\server\\ppt\\logs\\err\\',
  modelPath: 'D:\\node\\work\\server\\ppt\\app\\model\\',
  ctrlPath: 'D:\\node\\work\\server\\ppt\\app\\controller\\',
  viewPath: 'D:\\node\\work\\server\\ppt\\app\\view\\' }
[2012-10-27 23:15:19.462] [INFO] ppt - server is listening @ localhost:8080
[2012-10-27 23:16:36.268] [DEBUG] ppt - { appName: 'ppt',
  port: '8080',
  basePath: 'D:\\node\\work\\server\\ppt\\',
  appPath: 'D:\\node\\work\\server\\ppt\\app\\',
  logLevel: 'DEBUG',
  logPath: 'D:\\node\\work\\server\\ppt\\logs\\',
  logOutPath: 'D:\\node\\work\\server\\ppt\\logs\\out\\',
  logErrPath: 'D:\\node\\work\\server\\ppt\\logs\\err\\',
  modelPath: 'D:\\node\\work\\server\\ppt\\app\\model\\',
  ctrlPath: 'D:\\node\\work\\server\\ppt\\app\\controller\\',
  viewPath: 'D:\\node\\work\\server\\ppt\\app\\view\\' }
[2012-10-27 23:16:36.271] [INFO] ppt - server is listening @ localhost:8080
[2012-10-27 23:17:32.762] [DEBUG] ppt - { appName: 'ppt',
  port: '8080',
  basePath: 'D:\\node\\work\\server\\ppt\\',
  appPath: 'D:\\node\\work\\server\\ppt\\app\\',
  logLevel: 'DEBUG',
  logPath: 'D:\\node\\work\\server\\ppt\\logs\\',
  logOutPath: 'D:\\node\\work\\server\\ppt\\logs\\out\\',
  logErrPath: 'D:\\node\\work\\server\\ppt\\logs\\err\\',
  modelPath: 'D:\\node\\work\\server\\ppt\\app\\model\\',
  ctrlPath: 'D:\\node\\work\\server\\ppt\\app\\controller\\',
  viewPath: 'D:\\node\\work\\server\\ppt\\app\\view\\' }
[2012-10-27 23:17:32.772] [INFO] ppt - server is listening @ localhost:8080
[2012-10-27 23:31:24.900] [DEBUG] ppt - { appName: 'ppt',
  port: '8080',
  basePath: 'D:\\node\\work\\server\\ppt\\',
  appPath: 'D:\\node\\work\\server\\ppt\\app\\',
  logLevel: 'DEBUG',
  logPath: 'D:\\node\\work\\server\\ppt\\logs\\',
  logOutPath: 'D:\\node\\work\\server\\ppt\\logs\\out\\',
  logErrPath: 'D:\\node\\work\\server\\ppt\\logs\\err\\',
  modelPath: 'D:\\node\\work\\server\\ppt\\app\\model\\',
  ctrlPath: 'D:\\node\\work\\server\\ppt\\app\\controller\\',
  viewPath: 'D:\\node\\work\\server\\ppt\\app\\view\\' }
[2012-10-27 23:31:24.903] [INFO] ppt - server is listening @ localhost:8080
[2012-10-27 23:31:36.572] [DEBUG] ppt - { appName: 'ppt',
  port: '8080',
  basePath: 'D:\\node\\work\\server\\ppt\\',
  appPath: 'D:\\node\\work\\server\\ppt\\app\\',
  logLevel: 'DEBUG',
  logPath: 'D:\\node\\work\\server\\ppt\\logs\\',
  logOutPath: 'D:\\node\\work\\server\\ppt\\logs\\out\\',
  logErrPath: 'D:\\node\\work\\server\\ppt\\logs\\err\\',
  modelPath: 'D:\\node\\work\\server\\ppt\\app\\model\\',
  ctrlPath: 'D:\\node\\work\\server\\ppt\\app\\controller\\',
  viewPath: 'D:\\node\\work\\server\\ppt\\app\\view\\' }
[2012-10-27 23:31:36.575] [INFO] ppt - server is listening @ localhost:8080
[2012-10-27 23:31:58.277] [DEBUG] ppt - { appName: 'ppt',
  port: '8080',
  basePath: 'D:\\node\\work\\server\\ppt\\',
  appPath: 'D:\\node\\work\\server\\ppt\\app\\',
  logLevel: 'DEBUG',
  logPath: 'D:\\node\\work\\server\\ppt\\logs\\',
  logOutPath: 'D:\\node\\work\\server\\ppt\\logs\\out\\',
  logErrPath: 'D:\\node\\work\\server\\ppt\\logs\\err\\',
  modelPath: 'D:\\node\\work\\server\\ppt\\app\\model\\',
  ctrlPath: 'D:\\node\\work\\server\\ppt\\app\\controller\\',
  viewPath: 'D:\\node\\work\\server\\ppt\\app\\view\\' }
[2012-10-27 23:31:58.281] [INFO] ppt - server is listening @ localhost:8080
[2012-10-27 23:32:09.045] [DEBUG] ppt - { appName: 'ppt',
  port: '8080',
  basePath: 'D:\\node\\work\\server\\ppt\\',
  appPath: 'D:\\node\\work\\server\\ppt\\app\\',
  logLevel: 'DEBUG',
  logPath: 'D:\\node\\work\\server\\ppt\\logs\\',
  logOutPath: 'D:\\node\\work\\server\\ppt\\logs\\out\\',
  logErrPath: 'D:\\node\\work\\server\\ppt\\logs\\err\\',
  modelPath: 'D:\\node\\work\\server\\ppt\\app\\model\\',
  ctrlPath: 'D:\\node\\work\\server\\ppt\\app\\controller\\',
  viewPath: 'D:\\node\\work\\server\\ppt\\app\\view\\' }
[2012-10-27 23:32:09.048] [INFO] ppt - server is listening @ localhost:8080
[2012-10-27 23:32:35.791] [DEBUG] ppt - { appName: 'ppt',
  port: '8080',
  basePath: 'D:\\node\\work\\server\\ppt\\',
  appPath: 'D:\\node\\work\\server\\ppt\\app\\',
  logLevel: 'DEBUG',
  logPath: 'D:\\node\\work\\server\\ppt\\logs\\',
  logOutPath: 'D:\\node\\work\\server\\ppt\\logs\\out\\',
  logErrPath: 'D:\\node\\work\\server\\ppt\\logs\\err\\',
  modelPath: 'D:\\node\\work\\server\\ppt\\app\\model\\',
  ctrlPath: 'D:\\node\\work\\server\\ppt\\app\\controller\\',
  viewPath: 'D:\\node\\work\\server\\ppt\\app\\view\\' }
[2012-10-27 23:32:35.794] [INFO] ppt - server is listening @ localhost:8080
[2012-10-27 23:33:26.887] [DEBUG] ppt - { appName: 'ppt',
  port: '8080',
  basePath: 'D:\\node\\work\\server\\ppt\\',
  appPath: 'D:\\node\\work\\server\\ppt\\app\\',
  logLevel: 'DEBUG',
  logPath: 'D:\\node\\work\\server\\ppt\\logs\\',
  logOutPath: 'D:\\node\\work\\server\\ppt\\logs\\out\\',
  logErrPath: 'D:\\node\\work\\server\\ppt\\logs\\err\\',
  modelPath: 'D:\\node\\work\\server\\ppt\\app\\model\\',
  ctrlPath: 'D:\\node\\work\\server\\ppt\\app\\controller\\',
  viewPath: 'D:\\node\\work\\server\\ppt\\app\\view\\' }
[2012-10-27 23:33:26.891] [INFO] ppt - server is listening @ localhost:8080
[2012-10-27 23:33:58.110] [DEBUG] ppt - { appName: 'ppt',
  port: '8080',
  basePath: 'D:\\node\\work\\server\\ppt\\',
  appPath: 'D:\\node\\work\\server\\ppt\\app\\',
  logLevel: 'DEBUG',
  logPath: 'D:\\node\\work\\server\\ppt\\logs\\',
  logOutPath: 'D:\\node\\work\\server\\ppt\\logs\\out\\',
  logErrPath: 'D:\\node\\work\\server\\ppt\\logs\\err\\',
  modelPath: 'D:\\node\\work\\server\\ppt\\app\\model\\',
  ctrlPath: 'D:\\node\\work\\server\\ppt\\app\\controller\\',
  viewPath: 'D:\\node\\work\\server\\ppt\\app\\view\\' }
[2012-10-27 23:33:58.124] [INFO] ppt - server is listening @ localhost:8080
[2012-10-27 23:35:04.938] [DEBUG] ppt - { appName: 'ppt',
  port: '8080',
  basePath: 'D:\\node\\work\\server\\ppt\\',
  appPath: 'D:\\node\\work\\server\\ppt\\app\\',
  logLevel: 'DEBUG',
  logPath: 'D:\\node\\work\\server\\ppt\\logs\\',
  logOutPath: 'D:\\node\\work\\server\\ppt\\logs\\out\\',
  logErrPath: 'D:\\node\\work\\server\\ppt\\logs\\err\\',
  modelPath: 'D:\\node\\work\\server\\ppt\\app\\model\\',
  ctrlPath: 'D:\\node\\work\\server\\ppt\\app\\controller\\',
  viewPath: 'D:\\node\\work\\server\\ppt\\app\\view\\' }
[2012-10-27 23:35:04.943] [INFO] ppt - server is listening @ localhost:8080
[2012-10-27 23:36:50.545] [DEBUG] ppt - { appName: 'ppt',
  port: '8080',
  basePath: 'D:\\node\\work\\server\\ppt\\',
  appPath: 'D:\\node\\work\\server\\ppt\\app\\',
  logLevel: 'DEBUG',
  logPath: 'D:\\node\\work\\server\\ppt\\logs\\',
  logOutPath: 'D:\\node\\work\\server\\ppt\\logs\\out\\',
  logErrPath: 'D:\\node\\work\\server\\ppt\\logs\\err\\',
  modelPath: 'D:\\node\\work\\server\\ppt\\app\\model\\',
  ctrlPath: 'D:\\node\\work\\server\\ppt\\app\\controller\\',
  viewPath: 'D:\\node\\work\\server\\ppt\\app\\view\\' }
[2012-10-27 23:36:50.549] [INFO] ppt - server is listening @ localhost:8080
[2012-10-27 23:39:52.670] [DEBUG] ppt - { appName: 'ppt',
  port: '8080',
  basePath: 'D:\\node\\work\\server\\ppt\\',
  appPath: 'D:\\node\\work\\server\\ppt\\app\\',
  logLevel: 'DEBUG',
  logPath: 'D:\\node\\work\\server\\ppt\\logs\\',
  logOutPath: 'D:\\node\\work\\server\\ppt\\logs\\out\\',
  logErrPath: 'D:\\node\\work\\server\\ppt\\logs\\err\\',
  modelPath: 'D:\\node\\work\\server\\ppt\\app\\model\\',
  ctrlPath: 'D:\\node\\work\\server\\ppt\\app\\controller\\',
  viewPath: 'D:\\node\\work\\server\\ppt\\app\\view\\' }
[2012-10-27 23:39:52.674] [INFO] ppt - server is listening @ localhost:8080
